#
# There is insufficient memory for the Java Runtime Environment to continue.
# Native memory allocation (malloc) failed to allocate 1048576 bytes for AllocateHeap
# Possible reasons:
#   The system is out of physical RAM or swap space
#   The process is running with CompressedOops enabled, and the Java Heap may be blocking the growth of the native heap
# Possible solutions:
#   Reduce memory load on the system
#   Increase physical memory or swap space
#   Check if swap backing store is full
#   Decrease Java heap size (-Xmx/-Xms)
#   Decrease number of Java threads
#   Decrease Java thread stack sizes (-Xss)
#   Set larger code cache with -XX:ReservedCodeCacheSize=
#   JVM is running with Unscaled Compressed Oops mode in which the Java heap is
#     placed in the first 4GB address space. The Java Heap base address is the
#     maximum limit for the native heap growth. Please use -XX:HeapBaseMinAddress
#     to set the Java Heap base and to place the Java Heap above 4GB virtual address.
# This output file may be truncated or incomplete.
#
#  Out of Memory Error (memory/allocation.inline.hpp:61), pid=78008, tid=0x00000000000133f8
#
# JRE version:  (8.0_282-b08) (build )
# Java VM: OpenJDK 64-Bit Server VM (25.282-b08 mixed mode windows-amd64 compressed oops)
# Failed to write core dump. Minidumps are not enabled by default on client versions of Windows
#

---------------  T H R E A D  ---------------

Current thread (0x0000000002c43800):  JavaThread "Unknown thread" [_thread_in_vm, id=78840, stack(0x0000000002ac0000,0x0000000002bc0000)]

Stack: [0x0000000002ac0000,0x0000000002bc0000]
[error occurred during error reporting (printing stack bounds), id 0xc0000005]

Native frames: (J=compiled Java code, j=interpreted, Vv=VM code, C=native code)


---------------  P R O C E S S  ---------------

Java Threads: ( => current thread )

Other Threads:

=>0x0000000002c43800 (exited) JavaThread "Unknown thread" [_thread_in_vm, id=78840, stack(0x0000000002ac0000,0x0000000002bc0000)]

VM state:not at safepoint (normal execution)

VM Mutex/Monitor currently owned by a thread: None

heap address: 0x00000000fc000000, size: 64 MB, Compressed Oops mode: 32-bit
Narrow klass base: 0x0000000000000000, Narrow klass shift: 3
Compressed class space size: 1073741824 Address: 0x0000000100000000

Heap:
 PSYoungGen      total 18944K, used 327K [0x00000000feb00000, 0x0000000100000000, 0x0000000100000000)
  eden space 16384K, 2% used [0x00000000feb00000,0x00000000feb51ec8,0x00000000ffb00000)
  from space 2560K, 0% used [0x00000000ffd80000,0x00000000ffd80000,0x0000000100000000)
  to   space 2560K, 0% used [0x00000000ffb00000,0x00000000ffb00000,0x00000000ffd80000)
 ParOldGen       total 44032K, used 0K [0x00000000fc000000, 0x00000000feb00000, 0x00000000feb00000)
  object space 44032K, 0% used [0x00000000fc000000,0x00000000fc000000,0x00000000feb00000)
 Metaspace       used 792K, capacity 1156K, committed 1408K, reserved 1060864K
  class space    used 76K, capacity 384K, committed 384K, reserved 1048576K

Card table byte_map: [0x0000000001290000,0x00000000012c0000] byte_map_base: 0x0000000000ab0000

Marking Bits: (ParMarkBitMap*) 0x000000006ef63420
 Begin Bits: [0x00000000125a0000, 0x00000000126a0000)
 End Bits:   [0x00000000126a0000, 0x00000000127a0000)

Polling page: 0x0000000001260000

CodeCache: size=245760Kb used=328Kb max_used=328Kb free=245431Kb
 bounds [0x0000000002de0000, 0x0000000003050000, 0x0000000011de0000]
 total_blobs=57 nmethods=0 adapters=38
 compilation: enabled

Compilation events (0 events):
No events

GC Heap History (0 events):
No events

Deoptimization events (0 events):
No events

Classes redefined (0 events):
No events

Internal exceptions (0 events):
No events

Events (10 events):
Event: 0.044 loading class java/lang/Short
Event: 0.044 loading class java/lang/Short done
Event: 0.044 loading class java/lang/Integer
Event: 0.044 loading class java/lang/Integer done
Event: 0.044 loading class java/lang/Long
Event: 0.044 loading class java/lang/Long done
Event: 0.045 loading class java/lang/NullPointerException
Event: 0.045 loading class java/lang/NullPointerException done
Event: 0.045 loading class java/lang/ArithmeticException
Event: 0.045 loading class java/lang/ArithmeticException done


Dynamic libraries:
0x00007ff68d120000 - 0x00007ff68d155000 	C:\Program Files\OpenJDK\openjdk-8u282-b08\bin\java.exe
0x00007ffe4b0d0000 - 0x00007ffe4b2c5000 	C:\WINDOWS\SYSTEM32\ntdll.dll
0x00007ffe49220000 - 0x00007ffe492dd000 	C:\WINDOWS\System32\KERNEL32.DLL
0x00007ffe48a10000 - 0x00007ffe48cd9000 	C:\WINDOWS\System32\KERNELBASE.dll
0x00007ffe49b80000 - 0x00007ffe49c2c000 	C:\WINDOWS\System32\ADVAPI32.dll
0x00007ffe49390000 - 0x00007ffe4942e000 	C:\WINDOWS\System32\msvcrt.dll
0x00007ffe49ec0000 - 0x00007ffe49f5c000 	C:\WINDOWS\System32\sechost.dll
0x00007ffe4ad50000 - 0x00007ffe4ae7b000 	C:\WINDOWS\System32\RPCRT4.dll
0x00007ffe49d20000 - 0x00007ffe49ec0000 	C:\WINDOWS\System32\USER32.dll
0x00007ffe48fa0000 - 0x00007ffe48fc2000 	C:\WINDOWS\System32\win32u.dll
0x00007ffe49c90000 - 0x00007ffe49cba000 	C:\WINDOWS\System32\GDI32.dll
0x00007ffe48d80000 - 0x00007ffe48e8b000 	C:\WINDOWS\System32\gdi32full.dll
0x00007ffe48ce0000 - 0x00007ffe48d7d000 	C:\WINDOWS\System32\msvcp_win.dll
0x00007ffe48910000 - 0x00007ffe48a10000 	C:\WINDOWS\System32\ucrtbase.dll
0x00007ffe2b770000 - 0x00007ffe2ba0a000 	C:\WINDOWS\WinSxS\amd64_microsoft.windows.common-controls_6595b64144ccf1df_6.0.19041.844_none_ca00b6081b84eb1d\COMCTL32.dll
0x00007ffe4a880000 - 0x00007ffe4a8b0000 	C:\WINDOWS\System32\IMM32.DLL
0x000000006eff0000 - 0x000000006f0c2000 	C:\Program Files\OpenJDK\openjdk-8u282-b08\jre\bin\msvcr100.dll
0x000000006e750000 - 0x000000006efe5000 	C:\Program Files\OpenJDK\openjdk-8u282-b08\jre\bin\server\jvm.dll
0x00007ffe49130000 - 0x00007ffe49138000 	C:\WINDOWS\System32\PSAPI.DLL
0x00007ffe2edb0000 - 0x00007ffe2edb9000 	C:\WINDOWS\SYSTEM32\WSOCK32.dll
0x00007ffe4a480000 - 0x00007ffe4a4eb000 	C:\WINDOWS\System32\WS2_32.dll
0x00007ffe31be0000 - 0x00007ffe31c07000 	C:\WINDOWS\SYSTEM32\WINMM.dll
0x00007ffe3e5e0000 - 0x00007ffe3e5ea000 	C:\WINDOWS\SYSTEM32\VERSION.dll
0x00007ffe45da0000 - 0x00007ffe45daf000 	C:\Program Files\OpenJDK\openjdk-8u282-b08\jre\bin\verify.dll
0x00007ffe45d70000 - 0x00007ffe45d99000 	C:\Program Files\OpenJDK\openjdk-8u282-b08\jre\bin\java.dll
0x00007ffe455c0000 - 0x00007ffe455d6000 	C:\Program Files\OpenJDK\openjdk-8u282-b08\jre\bin\zip.dll

VM Arguments:
jvm_args: -Xmx64m -Xms64m -Dorg.gradle.appname=gradlew 
java_command: org.gradle.wrapper.GradleWrapperMain app:installDebug -PreactNativeDevServerPort=8081
java_class_path (initial): C:\ReactNative\MoviesAndMe\android\\gradle\wrapper\gradle-wrapper.jar
Launcher Type: SUN_STANDARD

Environment Variables:
JAVA_HOME=C:\Program Files\OpenJDK\openjdk-8u282-b08
CLASSPATH=C:\ReactNative\MoviesAndMe\android\\gradle\wrapper\gradle-wrapper.jar
USERNAME=waris
OS=Windows_NT
PROCESSOR_IDENTIFIER=Intel64 Family 6 Model 78 Stepping 3, GenuineIntel



---------------  S Y S T E M  ---------------

OS: Windows 10.0 , 64 bit Build 19041 (10.0.19041.804)

CPU:total 4 (initial active 4) (2 cores per cpu, 2 threads per core) family 6 model 78 stepping 3, cmov, cx8, fxsr, mmx, sse, sse2, sse3, ssse3, sse4.1, sse4.2, popcnt, avx, avx2, aes, clmul, erms, 3dnowpref, lzcnt, ht, tsc, tscinvbit, bmi1, bmi2, adx

Memory: 4k page, physical 16653992k(3632476k free), swap 19120808k(10692k free)

vm_info: OpenJDK 64-Bit Server VM (25.282-b08) for windows-amd64 JRE (1.8.0_282-b08), built on Jan 11 2021 12:17:07 by "build" with MS VC++ 10.0 (VS2010)

time: Mon Apr 05 20:24:57 2021
timezone: Greenwich
elapsed time: 0.074385 seconds (0d 0h 0m 0s)

